{"/Users/rwest/Repositories/circle-ci-test/src/calculator.js": {"path":"/Users/rwest/Repositories/circle-ci-test/src/calculator.js","statementMap":{"0":{"start":{"line":2,"column":2},"end":{"line":2,"column":15}},"1":{"start":{"line":6,"column":2},"end":{"line":6,"column":15}},"2":{"start":{"line":10,"column":2},"end":{"line":10,"column":15}},"3":{"start":{"line":14,"column":2},"end":{"line":16,"column":3}},"4":{"start":{"line":15,"column":4},"end":{"line":15,"column":40}},"5":{"start":{"line":17,"column":2},"end":{"line":17,"column":15}},"6":{"start":{"line":21,"column":2},"end":{"line":21,"column":34}},"7":{"start":{"line":25,"column":2},"end":{"line":27,"column":3}},"8":{"start":{"line":26,"column":4},"end":{"line":26,"column":71}},"9":{"start":{"line":28,"column":2},"end":{"line":28,"column":22}}},"fnMap":{"0":{"name":"add","decl":{"start":{"line":1,"column":16},"end":{"line":1,"column":19}},"loc":{"start":{"line":1,"column":26},"end":{"line":3,"column":1}},"line":1},"1":{"name":"subtract","decl":{"start":{"line":5,"column":16},"end":{"line":5,"column":24}},"loc":{"start":{"line":5,"column":31},"end":{"line":7,"column":1}},"line":5},"2":{"name":"multiply","decl":{"start":{"line":9,"column":16},"end":{"line":9,"column":24}},"loc":{"start":{"line":9,"column":31},"end":{"line":11,"column":1}},"line":9},"3":{"name":"divide","decl":{"start":{"line":13,"column":16},"end":{"line":13,"column":22}},"loc":{"start":{"line":13,"column":29},"end":{"line":18,"column":1}},"line":13},"4":{"name":"power","decl":{"start":{"line":20,"column":16},"end":{"line":20,"column":21}},"loc":{"start":{"line":20,"column":38},"end":{"line":22,"column":1}},"line":20},"5":{"name":"sqrt","decl":{"start":{"line":24,"column":16},"end":{"line":24,"column":20}},"loc":{"start":{"line":24,"column":24},"end":{"line":29,"column":1}},"line":24}},"branchMap":{"0":{"loc":{"start":{"line":14,"column":2},"end":{"line":16,"column":3}},"type":"if","locations":[{"start":{"line":14,"column":2},"end":{"line":16,"column":3}},{"start":{},"end":{}}],"line":14},"1":{"loc":{"start":{"line":25,"column":2},"end":{"line":27,"column":3}},"type":"if","locations":[{"start":{"line":25,"column":2},"end":{"line":27,"column":3}},{"start":{},"end":{}}],"line":25}},"s":{"0":3,"1":2,"2":3,"3":3,"4":1,"5":2,"6":3,"7":4,"8":1,"9":3},"f":{"0":3,"1":2,"2":3,"3":3,"4":3,"5":4},"b":{"0":[1,2],"1":[1,3]},"inputSourceMap":null,"_coverageSchema":"1a1c01bbd47fc00a2c39e90264f33305004495a9","hash":"e1c8a1ea50011427ab8514d15e7b46e87da56ed3"}
,"/Users/rwest/Repositories/circle-ci-test/src/stringUtils.js": {"path":"/Users/rwest/Repositories/circle-ci-test/src/stringUtils.js","statementMap":{"0":{"start":{"line":2,"column":2},"end":{"line":2,"column":22}},"1":{"start":{"line":2,"column":12},"end":{"line":2,"column":22}},"2":{"start":{"line":3,"column":2},"end":{"line":3,"column":52}},"3":{"start":{"line":7,"column":2},"end":{"line":7,"column":42}},"4":{"start":{"line":11,"column":18},"end":{"line":11,"column":61}},"5":{"start":{"line":12,"column":2},"end":{"line":12,"column":58}},"6":{"start":{"line":16,"column":18},"end":{"line":16,"column":44}},"7":{"start":{"line":17,"column":2},"end":{"line":17,"column":38}},"8":{"start":{"line":21,"column":2},"end":{"line":21,"column":42}},"9":{"start":{"line":21,"column":31},"end":{"line":21,"column":42}},"10":{"start":{"line":22,"column":2},"end":{"line":22,"column":62}},"11":{"start":{"line":26,"column":2},"end":{"line":30,"column":25}},"12":{"start":{"line":28,"column":6},"end":{"line":28,"column":67}}},"fnMap":{"0":{"name":"capitalize","decl":{"start":{"line":1,"column":16},"end":{"line":1,"column":26}},"loc":{"start":{"line":1,"column":32},"end":{"line":4,"column":1}},"line":1},"1":{"name":"reverse","decl":{"start":{"line":6,"column":16},"end":{"line":6,"column":23}},"loc":{"start":{"line":6,"column":29},"end":{"line":8,"column":1}},"line":6},"2":{"name":"isPalindrome","decl":{"start":{"line":10,"column":16},"end":{"line":10,"column":28}},"loc":{"start":{"line":10,"column":34},"end":{"line":13,"column":1}},"line":10},"3":{"name":"countVowels","decl":{"start":{"line":15,"column":16},"end":{"line":15,"column":27}},"loc":{"start":{"line":15,"column":33},"end":{"line":18,"column":1}},"line":15},"4":{"name":"truncate","decl":{"start":{"line":20,"column":16},"end":{"line":20,"column":24}},"loc":{"start":{"line":20,"column":57},"end":{"line":23,"column":1}},"line":20},"5":{"name":"camelCase","decl":{"start":{"line":25,"column":16},"end":{"line":25,"column":25}},"loc":{"start":{"line":25,"column":31},"end":{"line":31,"column":1}},"line":25},"6":{"name":"(anonymous_6)","decl":{"start":{"line":27,"column":36},"end":{"line":27,"column":37}},"loc":{"start":{"line":27,"column":53},"end":{"line":29,"column":5}},"line":27}},"branchMap":{"0":{"loc":{"start":{"line":2,"column":2},"end":{"line":2,"column":22}},"type":"if","locations":[{"start":{"line":2,"column":2},"end":{"line":2,"column":22}},{"start":{},"end":{}}],"line":2},"1":{"loc":{"start":{"line":17,"column":9},"end":{"line":17,"column":37}},"type":"cond-expr","locations":[{"start":{"line":17,"column":19},"end":{"line":17,"column":33}},{"start":{"line":17,"column":36},"end":{"line":17,"column":37}}],"line":17},"2":{"loc":{"start":{"line":20,"column":41},"end":{"line":20,"column":55}},"type":"default-arg","locations":[{"start":{"line":20,"column":50},"end":{"line":20,"column":55}}],"line":20},"3":{"loc":{"start":{"line":21,"column":2},"end":{"line":21,"column":42}},"type":"if","locations":[{"start":{"line":21,"column":2},"end":{"line":21,"column":42}},{"start":{},"end":{}}],"line":21},"4":{"loc":{"start":{"line":28,"column":13},"end":{"line":28,"column":66}},"type":"cond-expr","locations":[{"start":{"line":28,"column":27},"end":{"line":28,"column":45}},{"start":{"line":28,"column":48},"end":{"line":28,"column":66}}],"line":28}},"s":{"0":5,"1":3,"2":2,"3":3,"4":5,"5":5,"6":5,"7":5,"8":5,"9":3,"10":2,"11":5,"12":11},"f":{"0":5,"1":3,"2":5,"3":5,"4":5,"5":5,"6":11},"b":{"0":[3,2],"1":[3,2],"2":[4],"3":[3,2],"4":[5,6]},"inputSourceMap":null,"_coverageSchema":"1a1c01bbd47fc00a2c39e90264f33305004495a9","hash":"ba9bcd98f0d45474012d5f69225b15fd5247d7b4"}
}
