TN:
SF:src/calculator.js
FN:1,add
FN:5,subtract
FN:9,multiply
FN:13,divide
FN:20,power
FN:24,sqrt
FNF:6
FNH:6
FNDA:3,add
FNDA:2,subtract
FNDA:3,multiply
FNDA:3,divide
FNDA:3,power
FNDA:4,sqrt
DA:2,3
DA:6,2
DA:10,3
DA:14,3
DA:15,1
DA:17,2
DA:21,3
DA:25,4
DA:26,1
DA:28,3
LF:10
LH:10
BRDA:14,0,0,1
BRDA:14,0,1,2
BRDA:25,1,0,1
BRDA:25,1,1,3
BRF:4
BRH:4
end_of_record
TN:
SF:src/stringUtils.js
FN:1,capitalize
FN:6,reverse
FN:10,isPalindrome
FN:15,countVowels
FN:20,truncate
FN:25,camelCase
FN:27,(anonymous_6)
FNF:7
FNH:7
FNDA:5,capitalize
FNDA:3,reverse
FNDA:5,isPalindrome
FNDA:5,countVowels
FNDA:5,truncate
FNDA:5,camelCase
FNDA:11,(anonymous_6)
DA:2,5
DA:3,2
DA:7,3
DA:11,5
DA:12,5
DA:16,5
DA:17,5
DA:21,5
DA:22,2
DA:26,5
DA:28,11
LF:11
LH:11
BRDA:2,0,0,3
BRDA:2,0,1,2
BRDA:17,1,0,3
BRDA:17,1,1,2
BRDA:20,2,0,4
BRDA:21,3,0,3
BRDA:21,3,1,2
BRDA:28,4,0,5
BRDA:28,4,1,6
BRF:9
BRH:9
end_of_record
